<?xml version="1.0" encoding="UTF-8"?>
<!-- Generated by org.testng.reporters.JUnitReportReporter -->
<testsuite hostname="DESKTOP-9JEKR6H" failures="0" tests="1" name="POM_DDF.PBLoginTest2" time="25.297" errors="0" timestamp="2023-06-19T13:30:04 IST" skipped="0">
  <testcase classname="POM_DDF.PBLoginTest2" name="verifyusername" time="25.297"/>
  <system-out/>
</testsuite> <!-- POM_DDF.PBLoginTest2 -->
