<?xml version="1.0" encoding="UTF-8"?>
<!-- Generated by org.testng.reporters.JUnitReportReporter -->
<testsuite hostname="DESKTOP-9JEKR6H" failures="0" tests="3" name="testng.ex5_TestNGKeyword2_EnableFalse" time="0.024" errors="0" timestamp="2023-06-07T14:13:36 IST" skipped="1">
  <testcase classname="testng.ex5_TestNGKeyword2_EnableFalse" name="openBrowser" time="0.001"/>
  <system-out>
    <![CDATA[open the browser]]>
  </system-out>
  <testcase classname="testng.ex5_TestNGKeyword2_EnableFalse" name="enterPassword" time="0.023"/>
  <system-out>
    <![CDATA[enter the password]]>
  </system-out>
  <testcase classname="testng.ex5_TestNGKeyword2_EnableFalse" name="clicklogin">
    <skipped/>
  </testcase> <!-- clicklogin -->
  <system-out/>
</testsuite> <!-- testng.ex5_TestNGKeyword2_EnableFalse -->
