<?xml version="1.0" encoding="UTF-8"?>
<!-- Generated by org.testng.reporters.JUnitReportReporter -->
<testsuite hostname="DESKTOP-9JEKR6H" failures="0" tests="1" name="POM_DDF_TESTNG_Baseclass_Utilityclass_.PB2LoginTest2" time="25.999" errors="0" timestamp="2023-06-20T17:27:38 IST" skipped="0">
  <testcase classname="POM_DDF_TESTNG_Baseclass_Utilityclass_.PB2LoginTest2" name="verifyusername" time="25.999"/>
  <system-out/>
</testsuite> <!-- POM_DDF_TESTNG_Baseclass_Utilityclass_.PB2LoginTest2 -->
