<?xml version="1.0" encoding="UTF-8"?>
<!-- Generated by org.testng.reporters.JUnitReportReporter -->
<testsuite hostname="DESKTOP-9JEKR6H" failures="0" tests="4" name="testng.ex4_TestNGKeyword1_invocationCount" time="0.026" errors="0" timestamp="2023-06-07T13:51:30 IST" skipped="0">
  <testcase classname="testng.ex4_TestNGKeyword1_invocationCount" name="openBrowser" time="0.002"/>
  <system-out>
    <![CDATA[open the browser]]>
  </system-out>
  <testcase classname="testng.ex4_TestNGKeyword1_invocationCount" name="openBrowser" time="0.006"/>
  <system-out>
    <![CDATA[open the browser]]>
  </system-out>
  <testcase classname="testng.ex4_TestNGKeyword1_invocationCount" name="openBrowser" time="0.002"/>
  <system-out>
    <![CDATA[open the browser]]>
  </system-out>
  <testcase classname="testng.ex4_TestNGKeyword1_invocationCount" name="openBrowser" time="0.016"/>
  <system-out>
    <![CDATA[open the browser]]>
  </system-out>
</testsuite> <!-- testng.ex4_TestNGKeyword1_invocationCount -->
