<?xml version="1.0" encoding="UTF-8"?>
<!-- Generated by org.testng.reporters.JUnitReportReporter -->
<testsuite hostname="DESKTOP-9JEKR6H" failures="0" tests="1" name="POM_DDF.PBloginTest1" time="22.098" errors="0" timestamp="2023-06-19T13:36:35 IST" skipped="0">
  <testcase classname="POM_DDF.PBloginTest1" name="verifyUsername" time="22.098"/>
  <system-out/>
</testsuite> <!-- POM_DDF.PBloginTest1 -->
