<?xml version="1.0" encoding="UTF-8"?>
<!-- Generated by org.testng.reporters.JUnitReportReporter -->
<testsuite hostname="DESKTOP-9JEKR6H" failures="0" tests="1" name="POM_DDF_TESTNG_Baseclass_Utilityclass_.PBLoginTest3" time="21.963" errors="0" timestamp="2023-06-21T17:02:59 IST" skipped="0">
  <testcase classname="POM_DDF_TESTNG_Baseclass_Utilityclass_.PBLoginTest3" name="verifyusername" time="21.963"/>
  <system-out/>
</testsuite> <!-- POM_DDF_TESTNG_Baseclass_Utilityclass_.PBLoginTest3 -->
