<?xml version="1.0" encoding="UTF-8"?>
<!-- Generated by org.testng.reporters.JUnitReportReporter -->
<testsuite hostname="DESKTOP-9JEKR6H" failures="0" tests="1" name="testng.ex2" time="22.176" errors="0" timestamp="2023-06-06T12:26:13 IST" skipped="0">
  <testcase classname="testng.ex2" name="m1" time="22.176"/>
  <system-out/>
</testsuite> <!-- testng.ex2 -->
