<?xml version="1.0" encoding="UTF-8"?>
<!-- Generated by org.testng.reporters.JUnitReportReporter -->
<testsuite hostname="DESKTOP-9JEKR6H" failures="0" tests="1" name="testng.HDHomeClass" time="16.299" errors="0" timestamp="2023-06-17T16:03:22 IST" skipped="0">
  <testcase classname="testng.HDHomeClass" name="VerifyHDHomeClassText" time="16.299"/>
  <system-out/>
</testsuite> <!-- testng.HDHomeClass -->
