<?xml version="1.0" encoding="UTF-8"?>
<!-- Generated by org.testng.reporters.JUnitReportReporter -->
<testsuite hostname="DESKTOP-9JEKR6H" failures="0" tests="1" name="action_class.practice_23_6" time="36.445" errors="0" timestamp="2023-06-23T12:41:06 IST" skipped="0">
  <testcase classname="action_class.practice_23_6" name="MOveToElement" time="36.445"/>
  <system-out/>
</testsuite> <!-- action_class.practice_23_6 -->
