<?xml version="1.0" encoding="UTF-8"?>
<!-- Generated by org.testng.reporters.JUnitReportReporter -->
<testsuite hostname="DESKTOP-9JEKR6H" failures="0" tests="2" name="testng.ex9_grouping2" time="0.016" errors="0" timestamp="2023-06-16T15:29:30 IST" skipped="0">
  <testcase classname="testng.ex9_grouping2" name="n3" time="0.014"/>
  <system-out>
    <![CDATA[running n3]]>
  </system-out>
  <testcase classname="testng.ex9_grouping2" name="n4" time="0.002"/>
  <system-out>
    <![CDATA[running n4]]>
  </system-out>
</testsuite> <!-- testng.ex9_grouping2 -->
