<?xml version="1.0" encoding="UTF-8"?>
<!-- Generated by org.testng.reporters.JUnitReportReporter -->
<testsuite hostname="DESKTOP-9JEKR6H" failures="0" tests="1" name="POM_DDF_TESTNG_Baseclass_Utilityclass_.PB2LOGINTest" time="24.796" errors="0" timestamp="2023-07-19T20:35:56 IST" skipped="0">
  <testcase classname="POM_DDF_TESTNG_Baseclass_Utilityclass_.PB2LOGINTest" name="verifyusername" time="24.796"/>
  <system-out/>
</testsuite> <!-- POM_DDF_TESTNG_Baseclass_Utilityclass_.PB2LOGINTest -->
