<?xml version="1.0" encoding="UTF-8"?>
<!-- Generated by org.testng.reporters.JUnitReportReporter -->
<testsuite hostname="DESKTOP-9JEKR6H" failures="0" tests="6" name="testng.ex4_TestNGKeyword2_Priority1" time="0.016" errors="0" timestamp="2023-06-07T14:24:57 IST" skipped="0">
  <testcase classname="testng.ex4_TestNGKeyword2_Priority1" name="tc4" time="0.013"/>
  <system-out>
    <![CDATA[running tc 4]]>
  </system-out>
  <testcase classname="testng.ex4_TestNGKeyword2_Priority1" name="tc6" time="0.000"/>
  <system-out>
    <![CDATA[running tc 6]]>
  </system-out>
  <testcase classname="testng.ex4_TestNGKeyword2_Priority1" name="tc1" time="0.001"/>
  <system-out>
    <![CDATA[running tc 1]]>
  </system-out>
  <testcase classname="testng.ex4_TestNGKeyword2_Priority1" name="tc3" time="0.000"/>
  <system-out>
    <![CDATA[running tc 3]]>
  </system-out>
  <testcase classname="testng.ex4_TestNGKeyword2_Priority1" name="tc5" time="0.000"/>
  <system-out>
    <![CDATA[running tc 5]]>
  </system-out>
  <testcase classname="testng.ex4_TestNGKeyword2_Priority1" name="tc2" time="0.002"/>
  <system-out>
    <![CDATA[running tc 2]]>
  </system-out>
</testsuite> <!-- testng.ex4_TestNGKeyword2_Priority1 -->
