<?xml version="1.0" encoding="UTF-8"?>
<!-- Generated by org.testng.reporters.JUnitReportReporter -->
<testsuite hostname="DESKTOP-9JEKR6H" failures="0" tests="1" name="POM_DDF_TESTNG_Baseclass_Utilityclass_.fireboult1" time="41.967" errors="0" timestamp="2023-06-23T23:52:11 IST" skipped="0">
  <testcase classname="POM_DDF_TESTNG_Baseclass_Utilityclass_.fireboult1" name="name" time="41.967"/>
  <system-out/>
</testsuite> <!-- POM_DDF_TESTNG_Baseclass_Utilityclass_.fireboult1 -->
