<?xml version="1.0" encoding="UTF-8"?>
<!-- Generated by org.testng.reporters.JUnitReportReporter -->
<testsuite hostname="DESKTOP-9JEKR6H" failures="0" tests="1" name="testng.practice_annotation" time="0.014" errors="0" timestamp="2023-07-19T18:47:52 IST" skipped="0">
  <testcase classname="testng.practice_annotation" name="tc1" time="0.014"/>
  <system-out>
    <![CDATA[ ---login the facebook--- ]]>
  </system-out>
</testsuite> <!-- testng.practice_annotation -->
