<?xml version="1.0" encoding="UTF-8"?>
<!-- Generated by org.testng.reporters.JUnitReportReporter -->
<testsuite hostname="DESKTOP-9JEKR6H" failures="0" tests="3" name="testng.sample2" time="0.019" errors="0" timestamp="2023-06-16T15:19:05 IST" skipped="0">
  <testcase classname="testng.sample2" name="m4" time="0.016"/>
  <system-out>
    <![CDATA[---running method m4----]]>
  </system-out>
  <testcase classname="testng.sample2" name="m5" time="0.002"/>
  <system-out>
    <![CDATA[---running method m5----]]>
  </system-out>
  <testcase classname="testng.sample2" name="m6" time="0.001"/>
  <system-out>
    <![CDATA[---running method m6----]]>
  </system-out>
</testsuite> <!-- testng.sample2 -->
