<?xml version="1.0" encoding="UTF-8"?>
<!-- Generated by org.testng.reporters.JUnitReportReporter -->
<testsuite hostname="DESKTOP-9JEKR6H" failures="0" tests="3" name="testng.practice2" time="0.018" errors="0" timestamp="2023-06-17T17:44:20 IST" skipped="0">
  <testcase classname="testng.practice2" name="tc6" time="0.015"/>
  <system-out>
    <![CDATA[---running tc6-medicines-]]>
  </system-out>
  <testcase classname="testng.practice2" name="tc7" time="0.002"/>
  <system-out>
    <![CDATA[---running tc7-doctor-]]>
  </system-out>
  <testcase classname="testng.practice2" name="tc10" time="0.001"/>
  <system-out>
    <![CDATA[---running tc10-accounts-]]>
  </system-out>
</testsuite> <!-- testng.practice2 -->
