<?xml version="1.0" encoding="UTF-8"?>
<!-- Generated by org.testng.reporters.JUnitReportReporter -->
<testsuite hostname="DESKTOP-9JEKR6H" failures="0" tests="1" name="POM_DDF.PB2LOGINTest" time="26.627" errors="0" timestamp="2023-06-19T17:22:24 IST" skipped="0">
  <testcase classname="POM_DDF.PB2LOGINTest" name="verifyusername" time="26.627"/>
  <system-out/>
</testsuite> <!-- POM_DDF.PB2LOGINTest -->
