<?xml version="1.0" encoding="UTF-8"?>
<!-- Generated by org.testng.reporters.JUnitReportReporter -->
<testsuite hostname="DESKTOP-9JEKR6H" failures="0" tests="1" name="testng.ex9_grouping1" time="0.003" errors="0" timestamp="2023-06-16T15:29:30 IST" skipped="0">
  <testcase classname="testng.ex9_grouping1" name="m4" time="0.003"/>
  <system-out>
    <![CDATA[running m4]]>
  </system-out>
</testsuite> <!-- testng.ex9_grouping1 -->
