<?xml version="1.0" encoding="UTF-8"?>
<!-- Generated by org.testng.reporters.JUnitReportReporter -->
<testsuite hostname="DESKTOP-9JEKR6H" failures="0" tests="3" name="testng.practice1" time="0.004" errors="0" timestamp="2023-06-17T17:39:31 IST" skipped="0">
  <testcase classname="testng.practice1" name="tc5" time="0.003"/>
  <system-out>
    <![CDATA[---running tc5-accounts-]]>
  </system-out>
  <testcase classname="testng.practice1" name="tc3" time="0.001"/>
  <system-out>
    <![CDATA[---running tc3-doctor-]]>
  </system-out>
  <testcase classname="testng.practice1" name="tc1" time="0.000"/>
  <system-out>
    <![CDATA[---running tc1-medicines-]]>
  </system-out>
</testsuite> <!-- testng.practice1 -->
