<?xml version="1.0" encoding="UTF-8"?>
<!-- Generated by org.testng.reporters.JUnitReportReporter -->
<testsuite hostname="DESKTOP-9JEKR6H" failures="0" tests="1" name="testng.ex10_parellelExecution" time="20.013" errors="0" timestamp="2023-07-19T20:19:10 IST" skipped="0">
  <testcase classname="testng.ex10_parellelExecution" name="open_Facebook" time="20.013"/>
  <system-out/>
</testsuite> <!-- testng.ex10_parellelExecution -->
