<?xml version="1.0" encoding="UTF-8"?>
<!-- Generated by org.testng.reporters.JUnitReportReporter -->
<testsuite hostname="DESKTOP-9JEKR6H" failures="0" tests="3" name="testng.sample1" time="0.005" errors="0" timestamp="2023-06-16T15:19:05 IST" skipped="0">
  <testcase classname="testng.sample1" name="m3" time="0.002"/>
  <system-out>
    <![CDATA[---running method m3----]]>
  </system-out>
  <testcase classname="testng.sample1" name="m1" time="0.001"/>
  <system-out>
    <![CDATA[---running method m1----]]>
  </system-out>
  <testcase classname="testng.sample1" name="m2" time="0.002"/>
  <system-out>
    <![CDATA[---running method m2----]]>
  </system-out>
</testsuite> <!-- testng.sample1 -->
