<?xml version="1.0" encoding="UTF-8"?>
<!-- Generated by org.testng.reporters.JUnitReportReporter -->
<testsuite hostname="DESKTOP-9JEKR6H" failures="0" tests="2" name="testng.ex3_annotations" time="0.032" errors="0" timestamp="2023-07-19T18:43:32 IST" skipped="0">
  <testcase classname="testng.ex3_annotations" name="runningVerifyFullname" time="0.017"/>
  <system-out>
    <![CDATA[running verify full name]]>
  </system-out>
  <testcase classname="testng.ex3_annotations" name="runningVerifyFullname2" time="0.015"/>
  <system-out>
    <![CDATA[running verify full name 2]]>
  </system-out>
</testsuite> <!-- testng.ex3_annotations -->
