<?xml version="1.0" encoding="UTF-8"?>
<!-- Generated by org.testng.reporters.JUnitReportReporter -->
<testsuite hostname="DESKTOP-9JEKR6H" failures="0" tests="2" name="testng.ex1" time="0.023" errors="0" timestamp="2023-06-05T23:22:21 IST" skipped="0">
  <testcase classname="testng.ex1" name="m2" time="0.003"/>
  <system-out>
    <![CDATA[test case pass2]]>
  </system-out>
  <testcase classname="testng.ex1" name="m1" time="0.020"/>
  <system-out>
    <![CDATA[test case pass]]>
  </system-out>
</testsuite> <!-- testng.ex1 -->
